#
# There is insufficient memory for the Java Runtime Environment to continue.
# Native memory allocation (malloc) failed to allocate 32744 bytes for ChunkPool::allocate
# Possible reasons:
#   The system is out of physical RAM or swap space
#   The process is running with CompressedOops enabled, and the Java Heap may be blocking the growth of the native heap
# Possible solutions:
#   Reduce memory load on the system
#   Increase physical memory or swap space
#   Check if swap backing store is full
#   Decrease Java heap size (-Xmx/-Xms)
#   Decrease number of Java threads
#   Decrease Java thread stack sizes (-Xss)
#   Set larger code cache with -XX:ReservedCodeCacheSize=
#   JVM is running with Unscaled Compressed Oops mode in which the Java heap is
#     placed in the first 4GB address space. The Java Heap base address is the
#     maximum limit for the native heap growth. Please use -XX:HeapBaseMinAddress
#     to set the Java Heap base and to place the Java Heap above 4GB virtual address.
# This output file may be truncated or incomplete.
#
#  Out of Memory Error (arena.cpp:78), pid=5712, tid=21380
#
# JRE version: OpenJDK Runtime Environment Temurin-17.0.4.1+1 (17.0.4.1+1) (build 17.0.4.1+1)
# Java VM: OpenJDK 64-Bit Server VM Temurin-17.0.4.1+1 (17.0.4.1+1, mixed mode, tiered, compressed oops, compressed class ptrs, g1 gc, windows-amd64)
# No core dump will be written. Minidumps are not enabled by default on client versions of Windows
#

---------------  S U M M A R Y ------------

Command Line: -Dfile.encoding=UTF-8 -XX:+ShowCodeDetailsInExceptionMessages session4.activity2

Host: AMD Ryzen 5 5500U with Radeon Graphics         , 12 cores, 5G,  Windows 11 , 64 bit Build 22621 (10.0.22621.1928)
Time: Tue Aug 15 22:21:07 2023 India Standard Time elapsed time: 0.525462 seconds (0d 0h 0m 0s)

---------------  T H R E A D  ---------------

Current thread (0x0000028781dd8980):  JavaThread "main" [_thread_in_vm, id=21380, stack(0x000000d3c2a00000,0x000000d3c2b00000)]

Stack: [0x000000d3c2a00000,0x000000d3c2b00000]
Native frames: (J=compiled Java code, j=interpreted, Vv=VM code, C=native code)
V  [jvm.dll+0x67731a]
V  [jvm.dll+0x832284]
V  [jvm.dll+0x833a2e]
V  [jvm.dll+0x834093]
V  [jvm.dll+0x245775]
V  [jvm.dll+0xabfc0]
V  [jvm.dll+0xac30c]
V  [jvm.dll+0x38d051]
V  [jvm.dll+0x1e2cfe]
V  [jvm.dll+0x1e22ad]
V  [jvm.dll+0x53c939]
V  [jvm.dll+0x7ad138]
V  [jvm.dll+0x7ad224]
V  [jvm.dll+0x40ccd5]
V  [jvm.dll+0x412ec8]
C  [java.dll+0x17ec]

Java frames: (J=compiled Java code, j=interpreted, Vv=VM code)
j  java.lang.ClassLoader.defineClass1(Ljava/lang/ClassLoader;Ljava/lang/String;[BIILjava/security/ProtectionDomain;Ljava/lang/String;)Ljava/lang/Class;+0 java.base@17.0.4.1
j  java.lang.ClassLoader.defineClass(Ljava/lang/String;[BIILjava/security/ProtectionDomain;)Ljava/lang/Class;+27 java.base@17.0.4.1
j  java.security.SecureClassLoader.defineClass(Ljava/lang/String;[BIILjava/security/CodeSource;)Ljava/lang/Class;+12 java.base@17.0.4.1
j  jdk.internal.loader.BuiltinClassLoader.defineClass(Ljava/lang/String;Ljdk/internal/loader/Resource;)Ljava/lang/Class;+117 java.base@17.0.4.1
j  jdk.internal.loader.BuiltinClassLoader.findClassOnClassPathOrNull(Ljava/lang/String;)Ljava/lang/Class;+37 java.base@17.0.4.1
j  jdk.internal.loader.BuiltinClassLoader.loadClassOrNull(Ljava/lang/String;Z)Ljava/lang/Class;+111 java.base@17.0.4.1
j  jdk.internal.loader.BuiltinClassLoader.loadClass(Ljava/lang/String;Z)Ljava/lang/Class;+3 java.base@17.0.4.1
j  jdk.internal.loader.ClassLoaders$AppClassLoader.loadClass(Ljava/lang/String;Z)Ljava/lang/Class;+36 java.base@17.0.4.1
j  java.lang.ClassLoader.loadClass(Ljava/lang/String;)Ljava/lang/Class;+3 java.base@17.0.4.1
v  ~StubRoutines::call_stub
j  org.openqa.selenium.net.PortProber.<clinit>()V+10
v  ~StubRoutines::call_stub
j  org.openqa.selenium.remote.service.DriverService$Builder.build()Lorg/openqa/selenium/remote/service/DriverService;+8
j  org.openqa.selenium.chrome.ChromeDriverService.createDefaultService()Lorg/openqa/selenium/chrome/ChromeDriverService;+7
j  org.openqa.selenium.chrome.ChromeDriver.<init>()V+1
j  session4.activity2.main([Ljava/lang/String;)V+4
v  ~StubRoutines::call_stub

---------------  P R O C E S S  ---------------

Threads class SMR info:
_java_thread_list=0x000002879b958520, length=12, elements={
0x0000028781dd8980, 0x000002879adee8a0, 0x000002879adfb300, 0x000002879ae3e0a0,
0x000002879ae3ec50, 0x000002879ae41710, 0x000002879ae420c0, 0x000002879ae45970,
0x000002879ae48ce0, 0x000002879ae49e70, 0x000002879b975640, 0x000002879b9857b0
}

Java Threads: ( => current thread )
=>0x0000028781dd8980 JavaThread "main" [_thread_in_vm, id=21380, stack(0x000000d3c2a00000,0x000000d3c2b00000)]
  0x000002879adee8a0 JavaThread "Reference Handler" daemon [_thread_blocked, id=23832, stack(0x000000d3c3100000,0x000000d3c3200000)]
  0x000002879adfb300 JavaThread "Finalizer" daemon [_thread_blocked, id=3376, stack(0x000000d3c3200000,0x000000d3c3300000)]
  0x000002879ae3e0a0 JavaThread "Signal Dispatcher" daemon [_thread_blocked, id=7836, stack(0x000000d3c3300000,0x000000d3c3400000)]
  0x000002879ae3ec50 JavaThread "Attach Listener" daemon [_thread_blocked, id=12988, stack(0x000000d3c3400000,0x000000d3c3500000)]
  0x000002879ae41710 JavaThread "Service Thread" daemon [_thread_blocked, id=9472, stack(0x000000d3c3500000,0x000000d3c3600000)]
  0x000002879ae420c0 JavaThread "Monitor Deflation Thread" daemon [_thread_blocked, id=14048, stack(0x000000d3c3600000,0x000000d3c3700000)]
  0x000002879ae45970 JavaThread "C2 CompilerThread0" daemon [_thread_in_native, id=22340, stack(0x000000d3c3700000,0x000000d3c3800000)]
  0x000002879ae48ce0 JavaThread "C1 CompilerThread0" daemon [_thread_in_native, id=732, stack(0x000000d3c3800000,0x000000d3c3900000)]
  0x000002879ae49e70 JavaThread "Sweeper thread" daemon [_thread_blocked, id=3832, stack(0x000000d3c3900000,0x000000d3c3a00000)]
  0x000002879b975640 JavaThread "Notification Thread" daemon [_thread_blocked, id=24084, stack(0x000000d3c3a00000,0x000000d3c3b00000)]
  0x000002879b9857b0 JavaThread "Common-Cleaner" daemon [_thread_blocked, id=21936, stack(0x000000d3c3c00000,0x000000d3c3d00000)]

Other Threads:
  0x000002879adae440 VMThread "VM Thread" [stack: 0x000000d3c3000000,0x000000d3c3100000] [id=22672]
  0x000002879b97bf30 WatcherThread [stack: 0x000000d3c3b00000,0x000000d3c3c00000] [id=30328]
  0x0000028781e260d0 GCTaskThread "GC Thread#0" [stack: 0x000000d3c2b00000,0x000000d3c2c00000] [id=26060]
  0x0000028781e32bd0 ConcurrentGCThread "G1 Main Marker" [stack: 0x000000d3c2c00000,0x000000d3c2d00000] [id=7680]
  0x0000028781e34d90 ConcurrentGCThread "G1 Conc#0" [stack: 0x000000d3c2d00000,0x000000d3c2e00000] [id=29868]
  0x0000028781e91a40 ConcurrentGCThread "G1 Refine#0" [stack: 0x000000d3c2e00000,0x000000d3c2f00000] [id=25532]
  0x000002879ac70490 ConcurrentGCThread "G1 Service" [stack: 0x000000d3c2f00000,0x000000d3c3000000] [id=27476]

Threads with active compile tasks:
C2 CompilerThread0      572  387       4       java.lang.StringLatin1::replace (198 bytes)
C1 CompilerThread0      572  381       3       java.net.URLStreamHandler::parseURL (1201 bytes)

VM state: not at safepoint (normal execution)

VM Mutex/Monitor currently owned by a thread: None

Heap address: 0x00000000a2200000, size: 1502 MB, Compressed Oops mode: 32-bit

CDS archive(s) not mapped
Compressed class space mapped at: 0x0000000100000000-0x0000000140000000, reserved size: 1073741824
Narrow klass base: 0x0000000000000000, Narrow klass shift: 3, Narrow klass range: 0x140000000

GC Precious Log:
 CPUs: 12 total, 12 available
 Memory: 6005M
 Large Page Support: Disabled
 NUMA Support: Disabled
 Compressed Oops: Enabled (32-bit)
 Heap Region Size: 1M
 Heap Min Capacity: 8M
 Heap Initial Capacity: 94M
 Heap Max Capacity: 1502M
 Pre-touch: Disabled
 Parallel Workers: 10
 Concurrent Workers: 3
 Concurrent Refinement Workers: 10
 Periodic GC: Disabled

Heap:
 garbage-first heap   total 96256K, used 5120K [0x00000000a2200000, 0x0000000100000000)
  region size 1024K, 7 young (7168K), 0 survivors (0K)
 Metaspace       used 7260K, committed 7360K, reserved 1056768K
  class space    used 637K, committed 704K, reserved 1048576K

Heap Regions: E=young(eden), S=young(survivor), O=old, HS=humongous(starts), HC=humongous(continues), CS=collection set, F=free, OA=open archive, CA=closed archive, TAMS=top-at-mark-start (previous, next)
|   0|0x00000000a2200000, 0x00000000a2200000, 0x00000000a2300000|  0%| F|  |TAMS 0x00000000a2200000, 0x00000000a2200000| Untracked 
|   1|0x00000000a2300000, 0x00000000a2300000, 0x00000000a2400000|  0%| F|  |TAMS 0x00000000a2300000, 0x00000000a2300000| Untracked 
|   2|0x00000000a2400000, 0x00000000a2400000, 0x00000000a2500000|  0%| F|  |TAMS 0x00000000a2400000, 0x00000000a2400000| Untracked 
|   3|0x00000000a2500000, 0x00000000a2500000, 0x00000000a2600000|  0%| F|  |TAMS 0x00000000a2500000, 0x00000000a2500000| Untracked 
|   4|0x00000000a2600000, 0x00000000a2600000, 0x00000000a2700000|  0%| F|  |TAMS 0x00000000a2600000, 0x00000000a2600000| Untracked 
|   5|0x00000000a2700000, 0x00000000a2700000, 0x00000000a2800000|  0%| F|  |TAMS 0x00000000a2700000, 0x00000000a2700000| Untracked 
|   6|0x00000000a2800000, 0x00000000a2800000, 0x00000000a2900000|  0%| F|  |TAMS 0x00000000a2800000, 0x00000000a2800000| Untracked 
|   7|0x00000000a2900000, 0x00000000a2900000, 0x00000000a2a00000|  0%| F|  |TAMS 0x00000000a2900000, 0x00000000a2900000| Untracked 
|   8|0x00000000a2a00000, 0x00000000a2a00000, 0x00000000a2b00000|  0%| F|  |TAMS 0x00000000a2a00000, 0x00000000a2a00000| Untracked 
|   9|0x00000000a2b00000, 0x00000000a2b00000, 0x00000000a2c00000|  0%| F|  |TAMS 0x00000000a2b00000, 0x00000000a2b00000| Untracked 
|  10|0x00000000a2c00000, 0x00000000a2c00000, 0x00000000a2d00000|  0%| F|  |TAMS 0x00000000a2c00000, 0x00000000a2c00000| Untracked 
|  11|0x00000000a2d00000, 0x00000000a2d00000, 0x00000000a2e00000|  0%| F|  |TAMS 0x00000000a2d00000, 0x00000000a2d00000| Untracked 
|  12|0x00000000a2e00000, 0x00000000a2e00000, 0x00000000a2f00000|  0%| F|  |TAMS 0x00000000a2e00000, 0x00000000a2e00000| Untracked 
|  13|0x00000000a2f00000, 0x00000000a2f00000, 0x00000000a3000000|  0%| F|  |TAMS 0x00000000a2f00000, 0x00000000a2f00000| Untracked 
|  14|0x00000000a3000000, 0x00000000a3000000, 0x00000000a3100000|  0%| F|  |TAMS 0x00000000a3000000, 0x00000000a3000000| Untracked 
|  15|0x00000000a3100000, 0x00000000a3100000, 0x00000000a3200000|  0%| F|  |TAMS 0x00000000a3100000, 0x00000000a3100000| Untracked 
|  16|0x00000000a3200000, 0x00000000a3200000, 0x00000000a3300000|  0%| F|  |TAMS 0x00000000a3200000, 0x00000000a3200000| Untracked 
|  17|0x00000000a3300000, 0x00000000a3300000, 0x00000000a3400000|  0%| F|  |TAMS 0x00000000a3300000, 0x00000000a3300000| Untracked 
|  18|0x00000000a3400000, 0x00000000a3400000, 0x00000000a3500000|  0%| F|  |TAMS 0x00000000a3400000, 0x00000000a3400000| Untracked 
|  19|0x00000000a3500000, 0x00000000a3500000, 0x00000000a3600000|  0%| F|  |TAMS 0x00000000a3500000, 0x00000000a3500000| Untracked 
|  20|0x00000000a3600000, 0x00000000a3600000, 0x00000000a3700000|  0%| F|  |TAMS 0x00000000a3600000, 0x00000000a3600000| Untracked 
|  21|0x00000000a3700000, 0x00000000a3700000, 0x00000000a3800000|  0%| F|  |TAMS 0x00000000a3700000, 0x00000000a3700000| Untracked 
|  22|0x00000000a3800000, 0x00000000a3800000, 0x00000000a3900000|  0%| F|  |TAMS 0x00000000a3800000, 0x00000000a3800000| Untracked 
|  23|0x00000000a3900000, 0x00000000a3900000, 0x00000000a3a00000|  0%| F|  |TAMS 0x00000000a3900000, 0x00000000a3900000| Untracked 
|  24|0x00000000a3a00000, 0x00000000a3a00000, 0x00000000a3b00000|  0%| F|  |TAMS 0x00000000a3a00000, 0x00000000a3a00000| Untracked 
|  25|0x00000000a3b00000, 0x00000000a3b00000, 0x00000000a3c00000|  0%| F|  |TAMS 0x00000000a3b00000, 0x00000000a3b00000| Untracked 
|  26|0x00000000a3c00000, 0x00000000a3c00000, 0x00000000a3d00000|  0%| F|  |TAMS 0x00000000a3c00000, 0x00000000a3c00000| Untracked 
|  27|0x00000000a3d00000, 0x00000000a3d00000, 0x00000000a3e00000|  0%| F|  |TAMS 0x00000000a3d00000, 0x00000000a3d00000| Untracked 
|  28|0x00000000a3e00000, 0x00000000a3e00000, 0x00000000a3f00000|  0%| F|  |TAMS 0x00000000a3e00000, 0x00000000a3e00000| Untracked 
|  29|0x00000000a3f00000, 0x00000000a3f00000, 0x00000000a4000000|  0%| F|  |TAMS 0x00000000a3f00000, 0x00000000a3f00000| Untracked 
|  30|0x00000000a4000000, 0x00000000a4000000, 0x00000000a4100000|  0%| F|  |TAMS 0x00000000a4000000, 0x00000000a4000000| Untracked 
|  31|0x00000000a4100000, 0x00000000a4100000, 0x00000000a4200000|  0%| F|  |TAMS 0x00000000a4100000, 0x00000000a4100000| Untracked 
|  32|0x00000000a4200000, 0x00000000a4200000, 0x00000000a4300000|  0%| F|  |TAMS 0x00000000a4200000, 0x00000000a4200000| Untracked 
|  33|0x00000000a4300000, 0x00000000a4300000, 0x00000000a4400000|  0%| F|  |TAMS 0x00000000a4300000, 0x00000000a4300000| Untracked 
|  34|0x00000000a4400000, 0x00000000a4400000, 0x00000000a4500000|  0%| F|  |TAMS 0x00000000a4400000, 0x00000000a4400000| Untracked 
|  35|0x00000000a4500000, 0x00000000a4500000, 0x00000000a4600000|  0%| F|  |TAMS 0x00000000a4500000, 0x00000000a4500000| Untracked 
|  36|0x00000000a4600000, 0x00000000a4600000, 0x00000000a4700000|  0%| F|  |TAMS 0x00000000a4600000, 0x00000000a4600000| Untracked 
|  37|0x00000000a4700000, 0x00000000a4700000, 0x00000000a4800000|  0%| F|  |TAMS 0x00000000a4700000, 0x00000000a4700000| Untracked 
|  38|0x00000000a4800000, 0x00000000a4800000, 0x00000000a4900000|  0%| F|  |TAMS 0x00000000a4800000, 0x00000000a4800000| Untracked 
|  39|0x00000000a4900000, 0x00000000a4900000, 0x00000000a4a00000|  0%| F|  |TAMS 0x00000000a4900000, 0x00000000a4900000| Untracked 
|  40|0x00000000a4a00000, 0x00000000a4a00000, 0x00000000a4b00000|  0%| F|  |TAMS 0x00000000a4a00000, 0x00000000a4a00000| Untracked 
|  41|0x00000000a4b00000, 0x00000000a4b00000, 0x00000000a4c00000|  0%| F|  |TAMS 0x00000000a4b00000, 0x00000000a4b00000| Untracked 
|  42|0x00000000a4c00000, 0x00000000a4c00000, 0x00000000a4d00000|  0%| F|  |TAMS 0x00000000a4c00000, 0x00000000a4c00000| Untracked 
|  43|0x00000000a4d00000, 0x00000000a4d00000, 0x00000000a4e00000|  0%| F|  |TAMS 0x00000000a4d00000, 0x00000000a4d00000| Untracked 
|  44|0x00000000a4e00000, 0x00000000a4e00000, 0x00000000a4f00000|  0%| F|  |TAMS 0x00000000a4e00000, 0x00000000a4e00000| Untracked 
|  45|0x00000000a4f00000, 0x00000000a4f00000, 0x00000000a5000000|  0%| F|  |TAMS 0x00000000a4f00000, 0x00000000a4f00000| Untracked 
|  46|0x00000000a5000000, 0x00000000a5000000, 0x00000000a5100000|  0%| F|  |TAMS 0x00000000a5000000, 0x00000000a5000000| Untracked 
|  47|0x00000000a5100000, 0x00000000a5100000, 0x00000000a5200000|  0%| F|  |TAMS 0x00000000a5100000, 0x00000000a5100000| Untracked 
|  48|0x00000000a5200000, 0x00000000a5200000, 0x00000000a5300000|  0%| F|  |TAMS 0x00000000a5200000, 0x00000000a5200000| Untracked 
|  49|0x00000000a5300000, 0x00000000a5300000, 0x00000000a5400000|  0%| F|  |TAMS 0x00000000a5300000, 0x00000000a5300000| Untracked 
|  50|0x00000000a5400000, 0x00000000a5400000, 0x00000000a5500000|  0%| F|  |TAMS 0x00000000a5400000, 0x00000000a5400000| Untracked 
|  51|0x00000000a5500000, 0x00000000a5500000, 0x00000000a5600000|  0%| F|  |TAMS 0x00000000a5500000, 0x00000000a5500000| Untracked 
|  52|0x00000000a5600000, 0x00000000a5600000, 0x00000000a5700000|  0%| F|  |TAMS 0x00000000a5600000, 0x00000000a5600000| Untracked 
|  53|0x00000000a5700000, 0x00000000a5700000, 0x00000000a5800000|  0%| F|  |TAMS 0x00000000a5700000, 0x00000000a5700000| Untracked 
|  54|0x00000000a5800000, 0x00000000a5800000, 0x00000000a5900000|  0%| F|  |TAMS 0x00000000a5800000, 0x00000000a5800000| Untracked 
|  55|0x00000000a5900000, 0x00000000a5900000, 0x00000000a5a00000|  0%| F|  |TAMS 0x00000000a5900000, 0x00000000a5900000| Untracked 
|  56|0x00000000a5a00000, 0x00000000a5a00000, 0x00000000a5b00000|  0%| F|  |TAMS 0x00000000a5a00000, 0x00000000a5a00000| Untracked 
|  57|0x00000000a5b00000, 0x00000000a5b00000, 0x00000000a5c00000|  0%| F|  |TAMS 0x00000000a5b00000, 0x00000000a5b00000| Untracked 
|  58|0x00000000a5c00000, 0x00000000a5c00000, 0x00000000a5d00000|  0%| F|  |TAMS 0x00000000a5c00000, 0x00000000a5c00000| Untracked 
|  59|0x00000000a5d00000, 0x00000000a5d00000, 0x00000000a5e00000|  0%| F|  |TAMS 0x00000000a5d00000, 0x00000000a5d00000| Untracked 
|  60|0x00000000a5e00000, 0x00000000a5e00000, 0x00000000a5f00000|  0%| F|  |TAMS 0x00000000a5e00000, 0x00000000a5e00000| Untracked 
|  61|0x00000000a5f00000, 0x00000000a5f00000, 0x00000000a6000000|  0%| F|  |TAMS 0x00000000a5f00000, 0x00000000a5f00000| Untracked 
|  62|0x00000000a6000000, 0x00000000a6000000, 0x00000000a6100000|  0%| F|  |TAMS 0x00000000a6000000, 0x00000000a6000000| Untracked 
|  63|0x00000000a6100000, 0x00000000a6100000, 0x00000000a6200000|  0%| F|  |TAMS 0x00000000a6100000, 0x00000000a6100000| Untracked 
|  64|0x00000000a6200000, 0x00000000a6200000, 0x00000000a6300000|  0%| F|  |TAMS 0x00000000a6200000, 0x00000000a6200000| Untracked 
|  65|0x00000000a6300000, 0x00000000a6300000, 0x00000000a6400000|  0%| F|  |TAMS 0x00000000a6300000, 0x00000000a6300000| Untracked 
|  66|0x00000000a6400000, 0x00000000a6400000, 0x00000000a6500000|  0%| F|  |TAMS 0x00000000a6400000, 0x00000000a6400000| Untracked 
|  67|0x00000000a6500000, 0x00000000a6500000, 0x00000000a6600000|  0%| F|  |TAMS 0x00000000a6500000, 0x00000000a6500000| Untracked 
|  68|0x00000000a6600000, 0x00000000a6600000, 0x00000000a6700000|  0%| F|  |TAMS 0x00000000a6600000, 0x00000000a6600000| Untracked 
|  69|0x00000000a6700000, 0x00000000a6700000, 0x00000000a6800000|  0%| F|  |TAMS 0x00000000a6700000, 0x00000000a6700000| Untracked 
|  70|0x00000000a6800000, 0x00000000a6800000, 0x00000000a6900000|  0%| F|  |TAMS 0x00000000a6800000, 0x00000000a6800000| Untracked 
|  71|0x00000000a6900000, 0x00000000a6900000, 0x00000000a6a00000|  0%| F|  |TAMS 0x00000000a6900000, 0x00000000a6900000| Untracked 
|  72|0x00000000a6a00000, 0x00000000a6a00000, 0x00000000a6b00000|  0%| F|  |TAMS 0x00000000a6a00000, 0x00000000a6a00000| Untracked 
|  73|0x00000000a6b00000, 0x00000000a6b00000, 0x00000000a6c00000|  0%| F|  |TAMS 0x00000000a6b00000, 0x00000000a6b00000| Untracked 
|  74|0x00000000a6c00000, 0x00000000a6c00000, 0x00000000a6d00000|  0%| F|  |TAMS 0x00000000a6c00000, 0x00000000a6c00000| Untracked 
|  75|0x00000000a6d00000, 0x00000000a6d00000, 0x00000000a6e00000|  0%| F|  |TAMS 0x00000000a6d00000, 0x00000000a6d00000| Untracked 
|  76|0x00000000a6e00000, 0x00000000a6e00000, 0x00000000a6f00000|  0%| F|  |TAMS 0x00000000a6e00000, 0x00000000a6e00000| Untracked 
|  77|0x00000000a6f00000, 0x00000000a6f00000, 0x00000000a7000000|  0%| F|  |TAMS 0x00000000a6f00000, 0x00000000a6f00000| Untracked 
|  78|0x00000000a7000000, 0x00000000a7000000, 0x00000000a7100000|  0%| F|  |TAMS 0x00000000a7000000, 0x00000000a7000000| Untracked 
|  79|0x00000000a7100000, 0x00000000a7100000, 0x00000000a7200000|  0%| F|  |TAMS 0x00000000a7100000, 0x00000000a7100000| Untracked 
|  80|0x00000000a7200000, 0x00000000a7200000, 0x00000000a7300000|  0%| F|  |TAMS 0x00000000a7200000, 0x00000000a7200000| Untracked 
|  81|0x00000000a7300000, 0x00000000a7300000, 0x00000000a7400000|  0%| F|  |TAMS 0x00000000a7300000, 0x00000000a7300000| Untracked 
|  82|0x00000000a7400000, 0x00000000a7400000, 0x00000000a7500000|  0%| F|  |TAMS 0x00000000a7400000, 0x00000000a7400000| Untracked 
|  83|0x00000000a7500000, 0x00000000a7500000, 0x00000000a7600000|  0%| F|  |TAMS 0x00000000a7500000, 0x00000000a7500000| Untracked 
|  84|0x00000000a7600000, 0x00000000a7600000, 0x00000000a7700000|  0%| F|  |TAMS 0x00000000a7600000, 0x00000000a7600000| Untracked 
|  85|0x00000000a7700000, 0x00000000a7700000, 0x00000000a7800000|  0%| F|  |TAMS 0x00000000a7700000, 0x00000000a7700000| Untracked 
|  86|0x00000000a7800000, 0x00000000a7800000, 0x00000000a7900000|  0%| F|  |TAMS 0x00000000a7800000, 0x00000000a7800000| Untracked 
|  87|0x00000000a7900000, 0x00000000a7976488, 0x00000000a7a00000| 46%| E|  |TAMS 0x00000000a7900000, 0x00000000a7900000| Complete 
|  88|0x00000000a7a00000, 0x00000000a7b00000, 0x00000000a7b00000|100%| E|CS|TAMS 0x00000000a7a00000, 0x00000000a7a00000| Complete 
|  89|0x00000000a7b00000, 0x00000000a7c00000, 0x00000000a7c00000|100%| E|  |TAMS 0x00000000a7b00000, 0x00000000a7b00000| Complete 
|  90|0x00000000a7c00000, 0x00000000a7d00000, 0x00000000a7d00000|100%| E|CS|TAMS 0x00000000a7c00000, 0x00000000a7c00000| Complete 
|  91|0x00000000a7d00000, 0x00000000a7e00000, 0x00000000a7e00000|100%| E|CS|TAMS 0x00000000a7d00000, 0x00000000a7d00000| Complete 
|  92|0x00000000a7e00000, 0x00000000a7f00000, 0x00000000a7f00000|100%| E|CS|TAMS 0x00000000a7e00000, 0x00000000a7e00000| Complete 
|  93|0x00000000a7f00000, 0x00000000a8000000, 0x00000000a8000000|100%| E|CS|TAMS 0x00000000a7f00000, 0x00000000a7f00000| Complete 

Card table byte_map: [0x0000028794cd0000,0x0000028794fc0000] _byte_map_base: 0x00000287947bf000

Marking Bits (Prev, Next): (CMBitMap*) 0x0000028781e266e0, (CMBitMap*) 0x0000028781e26720
 Prev Bits: [0x00000287952b0000, 0x0000028796a28000)
 Next Bits: [0x0000028796a30000, 0x00000287981a8000)

Polling page: 0x00000287815a0000

Metaspace:

Usage:
  Non-class:      6.47 MB used.
      Class:    637.24 KB used.
       Both:      7.09 MB used.

Virtual space:
  Non-class space:        8.00 MB reserved,       6.50 MB ( 81%) committed,  1 nodes.
      Class space:        1.00 GB reserved,     704.00 KB ( <1%) committed,  1 nodes.
             Both:        1.01 GB reserved,       7.19 MB ( <1%) committed. 

Chunk freelists:
   Non-Class:  962.00 KB
       Class:  3.22 MB
        Both:  4.16 MB

MaxMetaspaceSize: unlimited
CompressedClassSpaceSize: 1.00 GB
Initial GC threshold: 21.00 MB
Current GC threshold: 21.00 MB
CDS: off
MetaspaceReclaimPolicy: balanced
 - commit_granule_bytes: 65536.
 - commit_granule_words: 8192.
 - virtual_space_node_default_size: 1048576.
 - enlarge_chunks_in_place: 1.
 - new_chunks_are_fully_committed: 0.
 - uncommit_free_chunks: 1.
 - use_allocation_guard: 0.
 - handle_deallocations: 1.


Internal statistics:

num_allocs_failed_limit: 0.
num_arena_births: 10.
num_arena_deaths: 0.
num_vsnodes_births: 2.
num_vsnodes_deaths: 0.
num_space_committed: 115.
num_space_uncommitted: 0.
num_chunks_returned_to_freelist: 0.
num_chunks_taken_from_freelist: 39.
num_chunk_merges: 0.
num_chunk_splits: 14.
num_chunks_enlarged: 11.
num_purges: 0.
num_inconsistent_stats: 0.

CodeHeap 'non-profiled nmethods': size=120000Kb used=113Kb max_used=113Kb free=119886Kb
 bounds [0x000002878cf60000, 0x000002878d1d0000, 0x0000028794490000]
CodeHeap 'profiled nmethods': size=120000Kb used=544Kb max_used=544Kb free=119455Kb
 bounds [0x0000028785a30000, 0x0000028785ca0000, 0x000002878cf60000]
CodeHeap 'non-nmethods': size=5760Kb used=1105Kb max_used=1119Kb free=4654Kb
 bounds [0x0000028785490000, 0x0000028785700000, 0x0000028785a30000]
 total_blobs=762 nmethods=380 adapters=295
 compilation: enabled
              stopped_count=0, restarted_count=0
 full_count=0

Compilation events (20 events):
Event: 0.496 Thread 0x000002879ae48ce0 nmethod 372 0x0000028785ab5b10 code [0x0000028785ab5cc0, 0x0000028785ab6028]
Event: 0.497 Thread 0x000002879ae48ce0  373       3       java.util.Collections$SetFromMap::remove (19 bytes)
Event: 0.497 Thread 0x000002879ae48ce0 nmethod 373 0x0000028785ab6210 code [0x0000028785ab63c0, 0x0000028785ab65e8]
Event: 0.499 Thread 0x000002879ae45970 nmethod 370% 0x000002878cf7a990 code [0x000002878cf7ab20, 0x000002878cf7af38]
Event: 0.499 Thread 0x000002879ae45970  371       4       java.lang.String::startsWith (138 bytes)
Event: 0.505 Thread 0x000002879ae45970 nmethod 371 0x000002878cf7b210 code [0x000002878cf7b3a0, 0x000002878cf7b698]
Event: 0.508 Thread 0x000002879ae48ce0  374       3       java.util.zip.Inflater::ensureOpen (47 bytes)
Event: 0.509 Thread 0x000002879ae48ce0 nmethod 374 0x0000028785ab6690 code [0x0000028785ab6840, 0x0000028785ab6a88]
Event: 0.509 Thread 0x000002879ae48ce0  375       3       java.io.FileSystem::hasBooleanAttributes (17 bytes)
Event: 0.509 Thread 0x000002879ae48ce0 nmethod 375 0x0000028785ab6b90 code [0x0000028785ab6d40, 0x0000028785ab6ee8]
Event: 0.509 Thread 0x000002879ae48ce0  377       3       java.util.ArrayDeque::pollFirst (36 bytes)
Event: 0.510 Thread 0x000002879ae48ce0 nmethod 377 0x0000028785ab6f90 code [0x0000028785ab7140, 0x0000028785ab7538]
Event: 0.510 Thread 0x000002879ae48ce0  378       3       java.lang.ref.WeakReference::<init> (7 bytes)
Event: 0.510 Thread 0x000002879ae48ce0 nmethod 378 0x0000028785ab7690 code [0x0000028785ab7840, 0x0000028785ab7b18]
Event: 0.511 Thread 0x000002879ae45970  379       4       java.lang.StringLatin1::indexOf (121 bytes)
Event: 0.511 Thread 0x000002879ae48ce0  380       3       sun.net.www.protocol.file.Handler::parseURL (18 bytes)
Event: 0.511 Thread 0x000002879ae48ce0 nmethod 380 0x0000028785ab7c10 code [0x0000028785ab7dc0, 0x0000028785ab7f78]
Event: 0.511 Thread 0x000002879ae48ce0  381       3       java.net.URLStreamHandler::parseURL (1201 bytes)
Event: 0.519 Thread 0x000002879ae45970 nmethod 379 0x000002878cf7bc90 code [0x000002878cf7be20, 0x000002878cf7c398]
Event: 0.519 Thread 0x000002879ae45970  387       4       java.lang.StringLatin1::replace (198 bytes)

GC Heap History (0 events):
No events

Deoptimization events (16 events):
Event: 0.167 Thread 0x0000028781dd8980 Uncommon trap: trap_request=0xffffff45 fr.pc=0x000002878cf611f4 relative=0x0000000000000074
Event: 0.167 Thread 0x0000028781dd8980 Uncommon trap: reason=unstable_if action=reinterpret pc=0x000002878cf611f4 method=java.lang.String.isLatin1()Z @ 10 c2
Event: 0.167 Thread 0x0000028781dd8980 DEOPT PACKING pc=0x000002878cf611f4 sp=0x000000d3c2afef50
Event: 0.167 Thread 0x0000028781dd8980 DEOPT UNPACKING pc=0x00000287854e23a3 sp=0x000000d3c2afee90 mode 2
Event: 0.261 Thread 0x0000028781dd8980 DEOPT PACKING pc=0x0000028785a48b67 sp=0x000000d3c2afa7d0
Event: 0.261 Thread 0x0000028781dd8980 DEOPT UNPACKING pc=0x00000287854e2b43 sp=0x000000d3c2af9bf0 mode 0
Event: 0.269 Thread 0x0000028781dd8980 DEOPT PACKING pc=0x0000028785a36c51 sp=0x000000d3c2afa870
Event: 0.269 Thread 0x0000028781dd8980 DEOPT UNPACKING pc=0x00000287854e2b43 sp=0x000000d3c2af9ce8 mode 0
Event: 0.480 Thread 0x0000028781dd8980 Uncommon trap: trap_request=0xffffff45 fr.pc=0x000002878cf75d14 relative=0x0000000000000174
Event: 0.480 Thread 0x0000028781dd8980 Uncommon trap: reason=unstable_if action=reinterpret pc=0x000002878cf75d14 method=java.util.zip.ZipFile$Source.isMetaName([BII)Z @ 43 c2
Event: 0.480 Thread 0x0000028781dd8980 DEOPT PACKING pc=0x000002878cf75d14 sp=0x000000d3c2afc7e0
Event: 0.480 Thread 0x0000028781dd8980 DEOPT UNPACKING pc=0x00000287854e23a3 sp=0x000000d3c2afc788 mode 2
Event: 0.511 Thread 0x0000028781dd8980 DEOPT PACKING pc=0x0000028785a52d65 sp=0x000000d3c2af9cb0
Event: 0.511 Thread 0x0000028781dd8980 DEOPT UNPACKING pc=0x00000287854e2b43 sp=0x000000d3c2af9100 mode 0
Event: 0.516 Thread 0x0000028781dd8980 DEOPT PACKING pc=0x0000028785a52d65 sp=0x000000d3c2af9cd0
Event: 0.516 Thread 0x0000028781dd8980 DEOPT UNPACKING pc=0x00000287854e2b43 sp=0x000000d3c2af9120 mode 0

Classes unloaded (0 events):
No events

Classes redefined (0 events):
No events

Internal exceptions (1 events):
Event: 0.487 Thread 0x0000028781dd8980 Exception <a 'java/lang/NoSuchMethodError'{0x00000000a7aac4c8}: 'int java.lang.invoke.DirectMethodHandle$Holder.invokeStaticInit(java.lang.Object, java.lang.Object)'> (0x00000000a7aac4c8) 
thrown [s\src\hotspot\share\interpreter\linkResolver.cpp, line 759]

VM Operations (2 events):
Event: 0.228 Executing VM operation: HandshakeAllThreads
Event: 0.228 Executing VM operation: HandshakeAllThreads done

Events (20 events):
Event: 0.497 loading class java/io/FileNotFoundException
Event: 0.497 loading class java/io/FileNotFoundException done
Event: 0.499 loading class java/net/ConnectException
Event: 0.500 loading class java/net/SocketException
Event: 0.500 loading class java/net/SocketException done
Event: 0.500 loading class java/net/ConnectException done
Event: 0.501 loading class java/net/SocketTimeoutException
Event: 0.501 loading class java/io/InterruptedIOException
Event: 0.501 loading class java/io/InterruptedIOException done
Event: 0.501 loading class java/net/SocketTimeoutException done
Event: 0.501 loading class java/net/SocketAddress
Event: 0.501 loading class java/net/SocketAddress done
Event: 0.501 loading class java/net/InetSocketAddress
Event: 0.502 loading class java/net/InetSocketAddress done
Event: 0.502 loading class java/io/UncheckedIOException
Event: 0.502 loading class java/io/UncheckedIOException done
Event: 0.502 loading class java/util/Random
Event: 0.502 loading class java/util/random/RandomGenerator
Event: 0.504 loading class java/util/random/RandomGenerator done
Event: 0.504 loading class java/util/Random done


Dynamic libraries:
0x00007ff7630a0000 - 0x00007ff7630ae000 	D:\Software\eclipse-java-2022-09-R-win32-x86_64\eclipse\plugins\org.eclipse.justj.openjdk.hotspot.jre.full.win32.x86_64_17.0.4.v20220903-1038\jre\bin\javaw.exe
0x00007ff990550000 - 0x00007ff990764000 	C:\WINDOWS\SYSTEM32\ntdll.dll
0x00007ff98ed40000 - 0x00007ff98ee02000 	C:\WINDOWS\System32\KERNEL32.DLL
0x00007ff98dc00000 - 0x00007ff98dfa3000 	C:\WINDOWS\System32\KERNELBASE.dll
0x00007ff98e150000 - 0x00007ff98e261000 	C:\WINDOWS\System32\ucrtbase.dll
0x00007ff987b80000 - 0x00007ff987b98000 	D:\Software\eclipse-java-2022-09-R-win32-x86_64\eclipse\plugins\org.eclipse.justj.openjdk.hotspot.jre.full.win32.x86_64_17.0.4.v20220903-1038\jre\bin\jli.dll
0x00007ff97c480000 - 0x00007ff97c499000 	D:\Software\eclipse-java-2022-09-R-win32-x86_64\eclipse\plugins\org.eclipse.justj.openjdk.hotspot.jre.full.win32.x86_64_17.0.4.v20220903-1038\jre\bin\VCRUNTIME140.dll
0x00007ff98f0e0000 - 0x00007ff98f28a000 	C:\WINDOWS\System32\USER32.dll
0x00007ff98dfb0000 - 0x00007ff98dfd6000 	C:\WINDOWS\System32\win32u.dll
0x00007ff98fc90000 - 0x00007ff98fcb9000 	C:\WINDOWS\System32\GDI32.dll
0x00007ff98d9d0000 - 0x00007ff98dae9000 	C:\WINDOWS\System32\gdi32full.dll
0x00007ff98db60000 - 0x00007ff98dbfa000 	C:\WINDOWS\System32\msvcp_win.dll
0x00007ff964f90000 - 0x00007ff96521e000 	C:\WINDOWS\WinSxS\amd64_microsoft.windows.common-controls_6595b64144ccf1df_6.0.22621.1635_none_270f70857386168e\COMCTL32.dll
0x00007ff98fd80000 - 0x00007ff98fe27000 	C:\WINDOWS\System32\msvcrt.dll
0x00007ff98eb90000 - 0x00007ff98ebc1000 	C:\WINDOWS\System32\IMM32.DLL
0x00007ff97ecf0000 - 0x00007ff97ecfc000 	D:\Software\eclipse-java-2022-09-R-win32-x86_64\eclipse\plugins\org.eclipse.justj.openjdk.hotspot.jre.full.win32.x86_64_17.0.4.v20220903-1038\jre\bin\vcruntime140_1.dll
0x00007ff95a030000 - 0x00007ff95a0c1000 	D:\Software\eclipse-java-2022-09-R-win32-x86_64\eclipse\plugins\org.eclipse.justj.openjdk.hotspot.jre.full.win32.x86_64_17.0.4.v20220903-1038\jre\bin\msvcp140.dll
0x00007ff914f80000 - 0x00007ff915bc6000 	D:\Software\eclipse-java-2022-09-R-win32-x86_64\eclipse\plugins\org.eclipse.justj.openjdk.hotspot.jre.full.win32.x86_64_17.0.4.v20220903-1038\jre\bin\server\jvm.dll
0x00007ff98fcd0000 - 0x00007ff98fd7e000 	C:\WINDOWS\System32\ADVAPI32.dll
0x00007ff98f000000 - 0x00007ff98f0a4000 	C:\WINDOWS\System32\sechost.dll
0x00007ff98f4e0000 - 0x00007ff98f5f7000 	C:\WINDOWS\System32\RPCRT4.dll
0x00007ff98f600000 - 0x00007ff98f608000 	C:\WINDOWS\System32\PSAPI.DLL
0x00007ff979b20000 - 0x00007ff979b29000 	C:\WINDOWS\SYSTEM32\WSOCK32.dll
0x00007ff986770000 - 0x00007ff9867a4000 	C:\WINDOWS\SYSTEM32\WINMM.dll
0x00007ff98f7d0000 - 0x00007ff98f841000 	C:\WINDOWS\System32\WS2_32.dll
0x00007ff986a40000 - 0x00007ff986a4a000 	C:\WINDOWS\SYSTEM32\VERSION.dll
0x00007ff98c970000 - 0x00007ff98c988000 	C:\WINDOWS\SYSTEM32\kernel.appcore.dll
0x00007ff979c70000 - 0x00007ff979c7a000 	D:\Software\eclipse-java-2022-09-R-win32-x86_64\eclipse\plugins\org.eclipse.justj.openjdk.hotspot.jre.full.win32.x86_64_17.0.4.v20220903-1038\jre\bin\jimage.dll
0x00007ff98b530000 - 0x00007ff98b75e000 	C:\WINDOWS\SYSTEM32\DBGHELP.DLL
0x00007ff98f900000 - 0x00007ff98fc89000 	C:\WINDOWS\System32\combase.dll
0x00007ff98ebd0000 - 0x00007ff98eca7000 	C:\WINDOWS\System32\OLEAUT32.dll
0x00007ff988670000 - 0x00007ff9886a2000 	C:\WINDOWS\SYSTEM32\dbgcore.DLL
0x00007ff98d950000 - 0x00007ff98d9ca000 	C:\WINDOWS\System32\bcryptPrimitives.dll
0x00007ff959d50000 - 0x00007ff959d75000 	D:\Software\eclipse-java-2022-09-R-win32-x86_64\eclipse\plugins\org.eclipse.justj.openjdk.hotspot.jre.full.win32.x86_64_17.0.4.v20220903-1038\jre\bin\java.dll
0x00007ff979c50000 - 0x00007ff979c68000 	D:\Software\eclipse-java-2022-09-R-win32-x86_64\eclipse\plugins\org.eclipse.justj.openjdk.hotspot.jre.full.win32.x86_64_17.0.4.v20220903-1038\jre\bin\zip.dll
0x00007ff98e330000 - 0x00007ff98eb29000 	C:\WINDOWS\System32\SHELL32.dll
0x00007ff98b8f0000 - 0x00007ff98c1be000 	C:\WINDOWS\SYSTEM32\windows.storage.dll
0x00007ff98b7b0000 - 0x00007ff98b8ee000 	C:\WINDOWS\SYSTEM32\wintypes.dll
0x00007ff98fe90000 - 0x00007ff98ff81000 	C:\WINDOWS\System32\SHCORE.dll
0x00007ff98eb30000 - 0x00007ff98eb8e000 	C:\WINDOWS\System32\shlwapi.dll
0x00007ff98d880000 - 0x00007ff98d8a6000 	C:\WINDOWS\SYSTEM32\profapi.dll
0x00007ff973510000 - 0x00007ff973520000 	D:\Software\eclipse-java-2022-09-R-win32-x86_64\eclipse\plugins\org.eclipse.justj.openjdk.hotspot.jre.full.win32.x86_64_17.0.4.v20220903-1038\jre\bin\verify.dll
0x00007ff95d590000 - 0x00007ff95d5a9000 	D:\Software\eclipse-java-2022-09-R-win32-x86_64\eclipse\plugins\org.eclipse.justj.openjdk.hotspot.jre.full.win32.x86_64_17.0.4.v20220903-1038\jre\bin\net.dll
0x00007ff986cc0000 - 0x00007ff986df7000 	C:\WINDOWS\SYSTEM32\WINHTTP.dll
0x00007ff98ce10000 - 0x00007ff98ce79000 	C:\WINDOWS\system32\mswsock.dll
0x00007ff95cb70000 - 0x00007ff95cb85000 	D:\Software\eclipse-java-2022-09-R-win32-x86_64\eclipse\plugins\org.eclipse.justj.openjdk.hotspot.jre.full.win32.x86_64_17.0.4.v20220903-1038\jre\bin\nio.dll

dbghelp: loaded successfully - version: 4.0.5 - missing functions: none
symbol engine: initialized successfully - sym options: 0x614 - pdb path: .;D:\Software\eclipse-java-2022-09-R-win32-x86_64\eclipse\plugins\org.eclipse.justj.openjdk.hotspot.jre.full.win32.x86_64_17.0.4.v20220903-1038\jre\bin;C:\WINDOWS\SYSTEM32;C:\WINDOWS\WinSxS\amd64_microsoft.windows.common-controls_6595b64144ccf1df_6.0.22621.1635_none_270f70857386168e;D:\Software\eclipse-java-2022-09-R-win32-x86_64\eclipse\plugins\org.eclipse.justj.openjdk.hotspot.jre.full.win32.x86_64_17.0.4.v20220903-1038\jre\bin\server

VM Arguments:
jvm_args: -Dfile.encoding=UTF-8 -XX:+ShowCodeDetailsInExceptionMessages 
java_command: session4.activity2
java_class_path (initial): C:\Users\LENOVO\eclipse-workspace\NewWorkSpace\QAIntv-1\target\test-classes;C:\Users\LENOVO\eclipse-workspace\NewWorkSpace\QAIntv-1\target\classes;C:\Users\LENOVO\.m2\repository\org\seleniumhq\selenium\selenium-java\4.9.1\selenium-java-4.9.1.jar;C:\Users\LENOVO\.m2\repository\org\seleniumhq\selenium\selenium-api\4.9.1\selenium-api-4.9.1.jar;C:\Users\LENOVO\.m2\repository\org\seleniumhq\selenium\selenium-chrome-driver\4.9.1\selenium-chrome-driver-4.9.1.jar;C:\Users\LENOVO\.m2\repository\com\google\auto\service\auto-service-annotations\1.0.1\auto-service-annotations-1.0.1.jar;C:\Users\LENOVO\.m2\repository\com\google\auto\service\auto-service\1.0.1\auto-service-1.0.1.jar;C:\Users\LENOVO\.m2\repository\com\google\auto\auto-common\1.2\auto-common-1.2.jar;C:\Users\LENOVO\.m2\repository\com\google\guava\guava\31.1-jre\guava-31.1-jre.jar;C:\Users\LENOVO\.m2\repository\com\google\guava\failureaccess\1.0.1\failureaccess-1.0.1.jar;C:\Users\LENOVO\.m2\repository\com\google\guava\listenablefuture\9999.0-empty-to-avoid-conflict-with-guava\listenablefuture-9999.0-empty-to-avoid-conflict-with-guava.jar;C:\Users\LENOVO\.m2\repository\com\google\code\findbugs\jsr305\3.0.2\jsr305-3.0.2.jar;C:\Users\LENOVO\.m2\repository\org\checkerframework\checker-qual\3.12.0\checker-qual-3.12.0.jar;C:\Users\LENOVO\.m2\repository\com\google\errorprone\error_prone_annotations\2.11.0\error_prone_annotations-2.11.0.jar;C:\Users\LENOVO\.m2\repository\com\google\j2objc\j2objc-annotations\1.3\j2objc-annotations-1.3.jar;C:\Users\LENOVO\.m2\repository\org\seleniumhq\selenium\selenium-chromium-driver\4.9.1\selenium-chromium-driver-4.9.1.jar;C:\Users\LENOVO\.m2\repository\org\seleniumhq\selenium\selenium-json\4.9.1\selenium-json-4.9.1.jar;C:\Users\LENOVO\.m2\repository\org\seleniumhq\selenium\selenium-manager\4.9.1\selenium-manager-4.9.1.jar;C:\Users\LENOVO\.m2\repository\org\seleniumhq\selenium\selenium-devtools-v111\4.9.1\selenium-devtools-v111-4.9.1.jar;C:\Users\LENOVO\.m2\repo
Launcher Type: SUN_STANDARD

[Global flags]
     intx CICompilerCount                          = 4                                         {product} {ergonomic}
     uint ConcGCThreads                            = 3                                         {product} {ergonomic}
     uint G1ConcRefinementThreads                  = 10                                        {product} {ergonomic}
   size_t G1HeapRegionSize                         = 1048576                                   {product} {ergonomic}
    uintx GCDrainStackTargetSize                   = 64                                        {product} {ergonomic}
   size_t InitialHeapSize                          = 98566144                                  {product} {ergonomic}
   size_t MarkStackSize                            = 4194304                                   {product} {ergonomic}
   size_t MaxHeapSize                              = 1574961152                                {product} {ergonomic}
   size_t MaxNewSize                               = 944766976                                 {product} {ergonomic}
   size_t MinHeapDeltaBytes                        = 1048576                                   {product} {ergonomic}
   size_t MinHeapSize                              = 8388608                                   {product} {ergonomic}
    uintx NonNMethodCodeHeapSize                   = 5839372                                {pd product} {ergonomic}
    uintx NonProfiledCodeHeapSize                  = 122909434                              {pd product} {ergonomic}
    uintx ProfiledCodeHeapSize                     = 122909434                              {pd product} {ergonomic}
    uintx ReservedCodeCacheSize                    = 251658240                              {pd product} {ergonomic}
     bool SegmentedCodeCache                       = true                                      {product} {ergonomic}
     bool ShowCodeDetailsInExceptionMessages       = true                                   {manageable} {command line}
   size_t SoftMaxHeapSize                          = 1574961152                             {manageable} {ergonomic}
     bool UseCompressedClassPointers               = true                           {product lp64_product} {ergonomic}
     bool UseCompressedOops                        = true                           {product lp64_product} {ergonomic}
     bool UseG1GC                                  = true                                      {product} {ergonomic}
     bool UseLargePagesIndividualAllocation        = false                                  {pd product} {ergonomic}

Logging:
Log output configuration:
 #0: stdout all=warning uptime,level,tags
 #1: stderr all=off uptime,level,tags

Environment Variables:
PATH=D:/Software/eclipse-java-2022-09-R-win32-x86_64/eclipse//plugins/org.eclipse.justj.openjdk.hotspot.jre.full.win32.x86_64_17.0.4.v20220903-1038/jre/bin/server;D:/Software/eclipse-java-2022-09-R-win32-x86_64/eclipse//plugins/org.eclipse.justj.openjdk.hotspot.jre.full.win32.x86_64_17.0.4.v20220903-1038/jre/bin;C:\Program Files\Common Files\Oracle\Java\javapath;D:\oracle\product\10.2.0\db_1\bin;D:\oracleApp\WINDOWS.X64_193000_db_home\bin;C:\WINDOWS\system32;C:\WINDOWS;C:\WINDOWS\System32\Wbem;C:\WINDOWS\System32\WindowsPowerShell\v1.0\;C:\WINDOWS\System32\OpenSSH\;C:\Program Files\dotnet\;C:\Program Files\Microsoft SQL Server\130\Tools\Binn\;C:\Program Files\Microsoft SQL Server\Client SDK\ODBC\170\Tools\Binn\;C:\Program Files\Git\cmd;C:\Users\LENOVO\Downloads\apache-maven-3.8.6-bin\bin;C:\Program Files\Docker\Docker\resources\bin;C:\Program Files\Java\jdk-11\bin;C:\Gradle\gradle-5.6.4\bin;C:\Users\LENOVO\AppData\Local\Microsoft\WindowsApps;C:\Program Files\JetBrains\IntelliJ IDEA Community Edition 2021.1.3\bin;C:\Gradle\gradle-8.1.1-bin;;C:\Users\LENOVO\.dotnet\tools;C:\Users\LENOVO\AppData\Local\Programs\Microsoft VS Code\bin;C:\Program Files\Java\jdk-11\bin;;D:\Software\eclipse-java-2022-09-R-win32-x86_64\eclipse;
USERNAME=LENOVO
OS=Windows_NT
PROCESSOR_IDENTIFIER=AMD64 Family 23 Model 104 Stepping 1, AuthenticAMD
TMP=C:\Users\LENOVO\AppData\Local\Temp
TEMP=C:\Users\LENOVO\AppData\Local\Temp



---------------  S Y S T E M  ---------------

OS:
 Windows 11 , 64 bit Build 22621 (10.0.22621.1928)
OS uptime: 4 days 1:54 hours
Hyper-V role detected

CPU: total 12 (initial active 12) (12 cores per cpu, 2 threads per core) family 23 model 104 stepping 1 microcode 0x0, cx8, cmov, fxsr, ht, mmx, 3dnowpref, sse, sse2, sse3, ssse3, sse4a, sse4.1, sse4.2, popcnt, lzcnt, tsc, tscinvbit, avx, avx2, aes, clmul, bmi1, bmi2, adx, sha, fma, vzeroupper, clflush, clflushopt, hv

Memory: 4k page, system-wide physical 6005M (215M free)
TotalPageFile size 24437M (AvailPageFile size 0M)
current process WorkingSet (physical memory assigned to process): 47M, peak: 47M
current process commit charge ("private bytes"): 183M, peak: 183M

vm_info: OpenJDK 64-Bit Server VM (17.0.4.1+1) for windows-amd64 JRE (17.0.4.1+1), built on Aug 17 2022 07:42:43 by "temurin" with MS VC++ 16.7 (VS2019)

END.
